Build started 1/2/2015 5:05:21 PM.
     1>Project "C:\Users\Brian\Documents\Visual Studio 2010\Projects\EmptyProject\EmptyProject.vcxproj" on node 2 (build target(s)).
     1>InitializeBuildStatus:
         Touching "Debug\EmptyProject.unsuccessfulbuild".
       ClCompile:
         C:\Program Files (x86)\Microsoft Visual Studio 10.0\VC\bin\CL.exe /c /IC:\Users\Brian\Documents\opengl_kit_win\include /ZI /nologo /W3 /WX- /Od /Oy- /D _MBCS /Gm /EHsc /RTC1 /MDd /GS /fp:precise /Zc:wchar_t /Zc:forScope /Fo"Debug\\" /Fd"Debug\vc100.pdb" /Gd /TP /analyze- /errorReport:prompt main.cpp
         main.cpp
     1>c:\program files (x86)\microsoft sdks\windows\v7.0a\include\windef.h(126): warning C4005: 'APIENTRY' : macro redefinition
                 c:\users\brian\documents\opengl_kit_win\include\glfw\glfw3.h(92) : see previous definition of 'APIENTRY'
     1>c:\users\brian\documents\visual studio 2010\projects\emptyproject\shader.h(63): warning C4996: 'fopen': This function or variable may be unsafe. Consider using fopen_s instead. To disable deprecation, use _CRT_SECURE_NO_WARNINGS. See online help for details.
                 c:\program files (x86)\microsoft visual studio 10.0\vc\include\stdio.h(234) : see declaration of 'fopen'
     1>c:\users\brian\documents\visual studio 2010\projects\emptyproject\shader.h(104): warning C4800: 'GLint' : forcing value to bool 'true' or 'false' (performance warning)
     1>c:\users\brian\documents\visual studio 2010\projects\emptyproject\main.cpp(61): warning C4305: 'initializing' : truncation from 'double' to 'const float'
     1>c:\users\brian\documents\visual studio 2010\projects\emptyproject\main.cpp(61): warning C4305: 'initializing' : truncation from 'double' to 'const float'
     1>c:\users\brian\documents\visual studio 2010\projects\emptyproject\main.cpp(62): warning C4305: 'initializing' : truncation from 'double' to 'const float'
     1>c:\users\brian\documents\visual studio 2010\projects\emptyproject\main.cpp(62): warning C4305: 'initializing' : truncation from 'double' to 'const float'
     1>c:\users\brian\documents\visual studio 2010\projects\emptyproject\main.cpp(63): warning C4305: 'initializing' : truncation from 'double' to 'const float'
     1>c:\users\brian\documents\visual studio 2010\projects\emptyproject\main.cpp(63): warning C4305: 'initializing' : truncation from 'double' to 'const float'
     1>c:\users\brian\documents\visual studio 2010\projects\emptyproject\main.cpp(63): warning C4305: 'initializing' : truncation from 'double' to 'const float'
     1>c:\users\brian\documents\visual studio 2010\projects\emptyproject\main.cpp(69): warning C4305: 'initializing' : truncation from 'double' to 'const float'
     1>c:\users\brian\documents\visual studio 2010\projects\emptyproject\main.cpp(69): warning C4305: 'initializing' : truncation from 'double' to 'const float'
     1>c:\users\brian\documents\visual studio 2010\projects\emptyproject\main.cpp(69): warning C4305: 'initializing' : truncation from 'double' to 'const float'
     1>c:\users\brian\documents\visual studio 2010\projects\emptyproject\main.cpp(184): warning C4244: '=' : conversion from 'double' to 'float', possible loss of data
     1>c:\users\brian\documents\visual studio 2010\projects\emptyproject\main.cpp(192): warning C4244: '=' : conversion from 'double' to 'float', possible loss of data
     1>c:\users\brian\documents\visual studio 2010\projects\emptyproject\main.cpp(193): warning C4244: '=' : conversion from 'double' to 'float', possible loss of data
     1>c:\users\brian\documents\visual studio 2010\projects\emptyproject\main.cpp(219): warning C4244: '=' : conversion from 'double' to 'int', possible loss of data
     1>c:\users\brian\documents\visual studio 2010\projects\emptyproject\main.cpp(220): warning C4244: '=' : conversion from 'double' to 'int', possible loss of data
     1>c:\users\brian\documents\visual studio 2010\projects\emptyproject\main.cpp(234): warning C4244: 'argument' : conversion from 'double' to 'int', possible loss of data
     1>c:\users\brian\documents\visual studio 2010\projects\emptyproject\main.cpp(234): warning C4244: 'argument' : conversion from 'double' to 'int', possible loss of data
     1>c:\users\brian\documents\visual studio 2010\projects\emptyproject\main.cpp(264): warning C4244: 'argument' : conversion from 'double' to 'int', possible loss of data
     1>c:\users\brian\documents\visual studio 2010\projects\emptyproject\main.cpp(264): warning C4244: 'argument' : conversion from 'double' to 'int', possible loss of data
     1>c:\users\brian\documents\visual studio 2010\projects\emptyproject\main.cpp(272): warning C4244: '=' : conversion from 'double' to 'float', possible loss of data
     1>c:\users\brian\documents\visual studio 2010\projects\emptyproject\main.cpp(274): warning C4244: '=' : conversion from 'double' to 'float', possible loss of data
     1>c:\users\brian\documents\visual studio 2010\projects\emptyproject\main.cpp(295): warning C4996: 'fopen': This function or variable may be unsafe. Consider using fopen_s instead. To disable deprecation, use _CRT_SECURE_NO_WARNINGS. See online help for details.
                 c:\program files (x86)\microsoft visual studio 10.0\vc\include\stdio.h(234) : see declaration of 'fopen'
     1>c:\users\brian\documents\visual studio 2010\projects\emptyproject\main.cpp(409): warning C4244: '=' : conversion from 'double' to 'float', possible loss of data
     1>c:\users\brian\documents\visual studio 2010\projects\emptyproject\main.cpp(410): warning C4244: '=' : conversion from 'double' to 'float', possible loss of data
     1>c:\users\brian\documents\visual studio 2010\projects\emptyproject\main.cpp(411): warning C4244: '=' : conversion from 'double' to 'float', possible loss of data
     1>c:\users\brian\documents\visual studio 2010\projects\emptyproject\main.cpp(417): warning C4244: '=' : conversion from 'double' to 'float', possible loss of data
     1>c:\users\brian\documents\visual studio 2010\projects\emptyproject\main.cpp(418): warning C4244: '=' : conversion from 'double' to 'float', possible loss of data
     1>c:\users\brian\documents\visual studio 2010\projects\emptyproject\main.cpp(419): warning C4244: '=' : conversion from 'double' to 'float', possible loss of data
     1>c:\users\brian\documents\visual studio 2010\projects\emptyproject\main.cpp(370): warning C4101: 'posAttrib' : unreferenced local variable
       Link:
         C:\Program Files (x86)\Microsoft Visual Studio 10.0\VC\bin\link.exe /ERRORREPORT:PROMPT /OUT:"C:\Users\Brian\Documents\Visual Studio 2010\Projects\EmptyProject\Debug\EmptyProject.exe" /NOLOGO /LIBPATH:C:\Users\Brian\Documents\opengl_kit_win\lib GLFW3.lib opengl32.lib glew32d.lib kernel32.lib user32.lib gdi32.lib winspool.lib comdlg32.lib advapi32.lib shell32.lib ole32.lib oleaut32.lib uuid.lib odbc32.lib odbccp32.lib /MANIFEST /ManifestFile:"Debug\EmptyProject.exe.intermediate.manifest" /MANIFESTUAC:"level='asInvoker' uiAccess='false'" /DEBUG /PDB:"C:\Users\Brian\Documents\Visual Studio 2010\Projects\EmptyProject\Debug\EmptyProject.pdb" /TLBID:1 /DYNAMICBASE /NXCOMPAT /IMPLIB:"C:\Users\Brian\Documents\Visual Studio 2010\Projects\EmptyProject\Debug\EmptyProject.lib" /MACHINE:X86 Debug\drawings.obj
         Debug\main.obj
         Debug\picker.obj
         Debug\ply.obj
         Debug\transformation.obj
         LINK : C:\Users\Brian\Documents\Visual Studio 2010\Projects\EmptyProject\Debug\EmptyProject.exe not found or not built by the last incremental link; performing full link
     1>LINK : warning LNK4098: defaultlib 'MSVCRT' conflicts with use of other libs; use /NODEFAULTLIB:library
         EmptyProject.vcxproj -> C:\Users\Brian\Documents\Visual Studio 2010\Projects\EmptyProject\Debug\EmptyProject.exe
       Manifest:
         C:\Program Files (x86)\Microsoft SDKs\Windows\v7.0A\bin\mt.exe /nologo /verbose /outputresource:"C:\Users\Brian\Documents\Visual Studio 2010\Projects\EmptyProject\Debug\EmptyProject.exe;#1" /manifest Debug\EmptyProject.exe.intermediate.manifest
       FinalizeBuildStatus:
         Deleting file "Debug\EmptyProject.unsuccessfulbuild".
         Touching "Debug\EmptyProject.lastbuildstate".
     1>Done Building Project "C:\Users\Brian\Documents\Visual Studio 2010\Projects\EmptyProject\EmptyProject.vcxproj" (build target(s)).

Build succeeded.

Time Elapsed 00:00:01.11
